<?xml version="1.0" encoding="UTF-8"?>
<testng-results skipped="0" failed="0" ignored="0" total="1" passed="1">
  <reporter-output>
  </reporter-output>
  <suite name="Default suite" duration-ms="62387" started-at="2020-06-02T18:14:31Z" finished-at="2020-06-02T18:15:34Z">
    <groups>
    </groups>
    <test name="Default test" duration-ms="62387" started-at="2020-06-02T18:14:31Z" finished-at="2020-06-02T18:15:34Z">
      <class name="All_Functionalitys.Crypto_Sell">
        <test-method status="PASS" signature="Gift_Card()[pri:0, instance:All_Functionalitys.Crypto_Sell@74fe5c40]" name="Gift_Card" duration-ms="62245" started-at="2020-06-02T18:14:31Z" finished-at="2020-06-02T18:15:34Z">
          <reporter-output>
          </reporter-output>
        </test-method> <!-- Gift_Card -->
      </class> <!-- All_Functionalitys.Crypto_Sell -->
    </test> <!-- Default test -->
  </suite> <!-- Default suite -->
</testng-results>
